-I: Adding /usr/bin/amber22/dat/leap/prep to search path.
-I: Adding /usr/bin/amber22/dat/leap/lib to search path.
-I: Adding /usr/bin/amber22/dat/leap/parm to search path.
-I: Adding /usr/bin/amber22/dat/leap/cmd to search path.
-f: Source 11gs/leap.in.

Welcome to LEaP!
(no leaprc in search path)
Sourcing: ./11gs/leap.in
----- Source: /usr/bin/amber22/dat/leap/cmd/leaprc.protein.ff14SB
----- Source of /usr/bin/amber22/dat/leap/cmd/leaprc.protein.ff14SB done
Log file: ./leap.log
Loading parameters: /usr/bin/amber22/dat/leap/parm/parm10.dat
Reading title:
PARM99 + frcmod.ff99SB + frcmod.parmbsc0 + OL3 for RNA
Loading parameters: /usr/bin/amber22/dat/leap/parm/frcmod.ff14SB
Reading force field modification type file (frcmod)
Reading title:
ff14SB protein backbone and sidechain parameters
Loading library: /usr/bin/amber22/dat/leap/lib/amino12.lib
Loading library: /usr/bin/amber22/dat/leap/lib/aminoct12.lib
Loading library: /usr/bin/amber22/dat/leap/lib/aminont12.lib
----- Source: /usr/bin/amber22/dat/leap/cmd/leaprc.water.tip3p
----- Source of /usr/bin/amber22/dat/leap/cmd/leaprc.water.tip3p done
Loading library: /usr/bin/amber22/dat/leap/lib/atomic_ions.lib
Loading library: /usr/bin/amber22/dat/leap/lib/solvents.lib
Loading parameters: /usr/bin/amber22/dat/leap/parm/frcmod.tip3p
Reading force field modification type file (frcmod)
Reading title:
This is the additional/replacement parameter set for TIP3P water
Loading parameters: /usr/bin/amber22/dat/leap/parm/frcmod.ions1lm_126_tip3p
Reading force field modification type file (frcmod)
Reading title:
Li/Merz ion parameters of monovalent ions for TIP3P water model (12-6 normal usage set)
Loading parameters: /usr/bin/amber22/dat/leap/parm/frcmod.ionsjc_tip3p
Reading force field modification type file (frcmod)
Reading title:
Monovalent ion parameters for Ewald and TIP3P water from Joung & Cheatham JPCB (2008)
Loading parameters: /usr/bin/amber22/dat/leap/parm/frcmod.ions234lm_126_tip3p
Reading force field modification type file (frcmod)
Reading title:
Li/Merz ion parameters of divalent to tetravalent ions for TIP3P water model (12-6 normal usage set)
Loading PDB file: ./11gs/4amb.pdb
  total atoms in file: 3262
  Leap added 3272 missing atoms according to residue templates:
       3272 H / lone pairs
Checking Unit.

/usr/bin/amber22/bin/teLeap: Warning!
The unperturbed charge of the unit (-6.000000) is not zero.

/usr/bin/amber22/bin/teLeap: Note.
Ignoring the warning from Unit Checking.

Building topology.
Building atom parameters.
Building bond parameters.
Building angle parameters.
Building proper torsion parameters.
Building improper torsion parameters.
 total 1304 improper torsions applied
Building H-Bond parameters.
Incorporating Non-Bonded adjustments.
Not Marking per-residue atom chain types.
Marking per-residue atom chain types.
  (Residues lacking connect0/connect1 - 
   these don't have chain types marked:

	res	total affected

	CGLN	2
	NPRO	2
  )
 (no restraints)
	Quit

Exiting LEaP: Errors = 0; Warnings = 1; Notes = 1.
-I: Adding /usr/bin/amber22/dat/leap/prep to search path.
-I: Adding /usr/bin/amber22/dat/leap/lib to search path.
-I: Adding /usr/bin/amber22/dat/leap/parm to search path.
-I: Adding /usr/bin/amber22/dat/leap/cmd to search path.
-f: Source 11gs/leap.in.

Welcome to LEaP!
(no leaprc in search path)
Sourcing: ./11gs/leap.in
----- Source: /usr/bin/amber22/dat/leap/cmd/leaprc.protein.ff14SB
----- Source of /usr/bin/amber22/dat/leap/cmd/leaprc.protein.ff14SB done
Log file: ./leap.log
Loading parameters: /usr/bin/amber22/dat/leap/parm/parm10.dat
Reading title:
PARM99 + frcmod.ff99SB + frcmod.parmbsc0 + OL3 for RNA
Loading parameters: /usr/bin/amber22/dat/leap/parm/frcmod.ff14SB
Reading force field modification type file (frcmod)
Reading title:
ff14SB protein backbone and sidechain parameters
Loading library: /usr/bin/amber22/dat/leap/lib/amino12.lib
Loading library: /usr/bin/amber22/dat/leap/lib/aminoct12.lib
Loading library: /usr/bin/amber22/dat/leap/lib/aminont12.lib
----- Source: /usr/bin/amber22/dat/leap/cmd/leaprc.water.tip3p
----- Source of /usr/bin/amber22/dat/leap/cmd/leaprc.water.tip3p done
Loading library: /usr/bin/amber22/dat/leap/lib/atomic_ions.lib
Loading library: /usr/bin/amber22/dat/leap/lib/solvents.lib
Loading parameters: /usr/bin/amber22/dat/leap/parm/frcmod.tip3p
Reading force field modification type file (frcmod)
Reading title:
This is the additional/replacement parameter set for TIP3P water
Loading parameters: /usr/bin/amber22/dat/leap/parm/frcmod.ions1lm_126_tip3p
Reading force field modification type file (frcmod)
Reading title:
Li/Merz ion parameters of monovalent ions for TIP3P water model (12-6 normal usage set)
Loading parameters: /usr/bin/amber22/dat/leap/parm/frcmod.ionsjc_tip3p
Reading force field modification type file (frcmod)
Reading title:
Monovalent ion parameters for Ewald and TIP3P water from Joung & Cheatham JPCB (2008)
Loading parameters: /usr/bin/amber22/dat/leap/parm/frcmod.ions234lm_126_tip3p
Reading force field modification type file (frcmod)
Reading title:
Li/Merz ion parameters of divalent to tetravalent ions for TIP3P water model (12-6 normal usage set)
Loading PDB file: ./11gs/4amb.pdb
  total atoms in file: 3262
  Leap added 3272 missing atoms according to residue templates:
       3272 H / lone pairs
Checking Unit.

/usr/bin/amber22/bin/teLeap: Warning!
The unperturbed charge of the unit (-6.000000) is not zero.

/usr/bin/amber22/bin/teLeap: Note.
Ignoring the warning from Unit Checking.

Building topology.
Building atom parameters.
Building bond parameters.
Building angle parameters.
Building proper torsion parameters.
Building improper torsion parameters.
 total 1304 improper torsions applied
Building H-Bond parameters.
Incorporating Non-Bonded adjustments.
Not Marking per-residue atom chain types.
Marking per-residue atom chain types.
  (Residues lacking connect0/connect1 - 
   these don't have chain types marked:

	res	total affected

	CGLN	2
	NPRO	2
  )
 (no restraints)
	Quit

Exiting LEaP: Errors = 0; Warnings = 1; Notes = 1.
-I: Adding /usr/bin/amber22/dat/leap/prep to search path.
-I: Adding /usr/bin/amber22/dat/leap/lib to search path.
-I: Adding /usr/bin/amber22/dat/leap/parm to search path.
-I: Adding /usr/bin/amber22/dat/leap/cmd to search path.
-f: Source 11gs/leap.in.

Welcome to LEaP!
(no leaprc in search path)
Sourcing: ./11gs/leap.in
----- Source: /usr/bin/amber22/dat/leap/cmd/leaprc.protein.ff14SB
----- Source of /usr/bin/amber22/dat/leap/cmd/leaprc.protein.ff14SB done
Log file: ./leap.log
Loading parameters: /usr/bin/amber22/dat/leap/parm/parm10.dat
Reading title:
PARM99 + frcmod.ff99SB + frcmod.parmbsc0 + OL3 for RNA
Loading parameters: /usr/bin/amber22/dat/leap/parm/frcmod.ff14SB
Reading force field modification type file (frcmod)
Reading title:
ff14SB protein backbone and sidechain parameters
Loading library: /usr/bin/amber22/dat/leap/lib/amino12.lib
Loading library: /usr/bin/amber22/dat/leap/lib/aminoct12.lib
Loading library: /usr/bin/amber22/dat/leap/lib/aminont12.lib
----- Source: /usr/bin/amber22/dat/leap/cmd/leaprc.water.tip3p
----- Source of /usr/bin/amber22/dat/leap/cmd/leaprc.water.tip3p done
Loading library: /usr/bin/amber22/dat/leap/lib/atomic_ions.lib
Loading library: /usr/bin/amber22/dat/leap/lib/solvents.lib
Loading parameters: /usr/bin/amber22/dat/leap/parm/frcmod.tip3p
Reading force field modification type file (frcmod)
Reading title:
This is the additional/replacement parameter set for TIP3P water
Loading parameters: /usr/bin/amber22/dat/leap/parm/frcmod.ions1lm_126_tip3p
Reading force field modification type file (frcmod)
Reading title:
Li/Merz ion parameters of monovalent ions for TIP3P water model (12-6 normal usage set)
Loading parameters: /usr/bin/amber22/dat/leap/parm/frcmod.ionsjc_tip3p
Reading force field modification type file (frcmod)
Reading title:
Monovalent ion parameters for Ewald and TIP3P water from Joung & Cheatham JPCB (2008)
Loading parameters: /usr/bin/amber22/dat/leap/parm/frcmod.ions234lm_126_tip3p
Reading force field modification type file (frcmod)
Reading title:
Li/Merz ion parameters of divalent to tetravalent ions for TIP3P water model (12-6 normal usage set)
Loading PDB file: ./11gs/4amb.pdb
  total atoms in file: 3262
  Leap added 3272 missing atoms according to residue templates:
       3272 H / lone pairs
Checking Unit.

/usr/bin/amber22/bin/teLeap: Warning!
The unperturbed charge of the unit (-6.000000) is not zero.

/usr/bin/amber22/bin/teLeap: Note.
Ignoring the warning from Unit Checking.

Building topology.
Building atom parameters.
Building bond parameters.
Building angle parameters.
Building proper torsion parameters.
Building improper torsion parameters.
 total 1304 improper torsions applied
Building H-Bond parameters.
Incorporating Non-Bonded adjustments.
Not Marking per-residue atom chain types.
Marking per-residue atom chain types.
  (Residues lacking connect0/connect1 - 
   these don't have chain types marked:

	res	total affected

	CGLN	2
	NPRO	2
  )
 (no restraints)
	Quit

Exiting LEaP: Errors = 0; Warnings = 1; Notes = 1.
-I: Adding /usr/bin/amber22/dat/leap/prep to search path.
-I: Adding /usr/bin/amber22/dat/leap/lib to search path.
-I: Adding /usr/bin/amber22/dat/leap/parm to search path.
-I: Adding /usr/bin/amber22/dat/leap/cmd to search path.
-f: Source 11gs/leap.in.

Welcome to LEaP!
(no leaprc in search path)
Sourcing: ./11gs/leap.in
----- Source: /usr/bin/amber22/dat/leap/cmd/leaprc.protein.ff14SB
----- Source of /usr/bin/amber22/dat/leap/cmd/leaprc.protein.ff14SB done
Log file: ./leap.log
Loading parameters: /usr/bin/amber22/dat/leap/parm/parm10.dat
Reading title:
PARM99 + frcmod.ff99SB + frcmod.parmbsc0 + OL3 for RNA
Loading parameters: /usr/bin/amber22/dat/leap/parm/frcmod.ff14SB
Reading force field modification type file (frcmod)
Reading title:
ff14SB protein backbone and sidechain parameters
Loading library: /usr/bin/amber22/dat/leap/lib/amino12.lib
Loading library: /usr/bin/amber22/dat/leap/lib/aminoct12.lib
Loading library: /usr/bin/amber22/dat/leap/lib/aminont12.lib
----- Source: /usr/bin/amber22/dat/leap/cmd/leaprc.water.tip3p
----- Source of /usr/bin/amber22/dat/leap/cmd/leaprc.water.tip3p done
Loading library: /usr/bin/amber22/dat/leap/lib/atomic_ions.lib
Loading library: /usr/bin/amber22/dat/leap/lib/solvents.lib
Loading parameters: /usr/bin/amber22/dat/leap/parm/frcmod.tip3p
Reading force field modification type file (frcmod)
Reading title:
This is the additional/replacement parameter set for TIP3P water
Loading parameters: /usr/bin/amber22/dat/leap/parm/frcmod.ions1lm_126_tip3p
Reading force field modification type file (frcmod)
Reading title:
Li/Merz ion parameters of monovalent ions for TIP3P water model (12-6 normal usage set)
Loading parameters: /usr/bin/amber22/dat/leap/parm/frcmod.ionsjc_tip3p
Reading force field modification type file (frcmod)
Reading title:
Monovalent ion parameters for Ewald and TIP3P water from Joung & Cheatham JPCB (2008)
Loading parameters: /usr/bin/amber22/dat/leap/parm/frcmod.ions234lm_126_tip3p
Reading force field modification type file (frcmod)
Reading title:
Li/Merz ion parameters of divalent to tetravalent ions for TIP3P water model (12-6 normal usage set)
Loading PDB file: ./11gs/4amb.pdb
  total atoms in file: 3262
  Leap added 3272 missing atoms according to residue templates:
       3272 H / lone pairs
Checking Unit.

/usr/bin/amber22/bin/teLeap: Warning!
The unperturbed charge of the unit (-6.000000) is not zero.

/usr/bin/amber22/bin/teLeap: Note.
Ignoring the warning from Unit Checking.

Building topology.
Building atom parameters.
Building bond parameters.
Building angle parameters.
Building proper torsion parameters.
Building improper torsion parameters.
 total 1304 improper torsions applied
Building H-Bond parameters.
Incorporating Non-Bonded adjustments.
Not Marking per-residue atom chain types.
Marking per-residue atom chain types.
  (Residues lacking connect0/connect1 - 
   these don't have chain types marked:

	res	total affected

	CGLN	2
	NPRO	2
  )
 (no restraints)
	Quit

Exiting LEaP: Errors = 0; Warnings = 1; Notes = 1.
